<?xml version="1.0" encoding="UTF-8"?>
<testsuite name="MainTest" tests="1" skipped="0" failures="0" errors="0" timestamp="2017-10-27T08:28:05" hostname="MacBook-Pro-3.local" time="0.001">
  <properties/>
  <testcase name="testAppHasAGreeting" classname="MainTest" time="0.001"/>
  <system-out><![CDATA[]]></system-out>
  <system-err><![CDATA[]]></system-err>
</testsuite>
